build/app/outputs/mapping/release/mapping.txt
# compiler: R8
# compiler_version: 1.5.64
# min_api: 16
# pg_map_id: d80f103
...
io.grpc.okhttp.internal.framed.FrameReader -> f.b.o1.r.j.b:
    boolean nextFrame(io.grpc.okhttp.internal.framed.FrameReader$Handler) -> a
io.grpc.okhttp.internal.framed.FrameReader$Handler -> f.b.o1.r.j.b$a:
    void ackSettings() -> a
    void data(boolean,int,okio.BufferedSource,int) -> a
    void goAway(int,io.grpc.okhttp.internal.framed.ErrorCode,okio.ByteString) -> a
    void headers(boolean,boolean,int,int,java.util.List,io.grpc.okhttp.internal.framed.HeadersMode) -> a
    void ping(boolean,int,int) -> a
    void priority(int,int,int,boolean) -> a
    void pushPromise(int,int,java.util.List) -> a
    void rstStream(int,io.grpc.okhttp.internal.framed.ErrorCode) -> a
    void settings(boolean,io.grpc.okhttp.internal.framed.Settings) -> a
    void windowUpdate(int,long) -> a
io.grpc.okhttp.internal.framed.FrameWriter -> f.b.o1.r.j.c:
    void ackSettings(io.grpc.okhttp.internal.framed.Settings) -> a
    void data(boolean,int,okio.Buffer,int) -> a
    void goAway(int,io.grpc.okhttp.internal.framed.ErrorCode,byte[]) -> a
    void ping(boolean,int,int) -> a
    void rstStream(int,io.grpc.okhttp.internal.framed.ErrorCode) -> a
    void synStream(boolean,boolean,int,int,java.util.List) -> a
    void windowUpdate(int,long) -> a
    void settings(io.grpc.okhttp.internal.framed.Settings) -> b
    int maxDataLength() -> k
    void connectionPreface() -> l
io.grpc.okhttp.internal.framed.Header -> f.b.o1.r.j.d:
    okio.ByteString value -> b
    okio.ByteString TARGET_METHOD -> e
    okio.ByteString RESPONSE_STATUS -> d
    okio.ByteString name -> a
    okio.ByteString TARGET_SCHEME -> g
    okio.ByteString TARGET_PATH -> f
    int hpackSize -> c
    okio.ByteString TARGET_AUTHORITY -> h
io.grpc.okhttp.internal.framed.HeadersMode -> f.b.o1.r.j.e:
    io.grpc.okhttp.internal.framed.HeadersMode SPDY_REPLY -> e
    io.grpc.okhttp.internal.framed.HeadersMode SPDY_SYN_STREAM -> d
    io.grpc.okhttp.internal.framed.HeadersMode HTTP_20_HEADERS -> g
    io.grpc.okhttp.internal.framed.HeadersMode SPDY_HEADERS -> f
    io.grpc.okhttp.internal.framed.HeadersMode[] $VALUES -> h
io.grpc.okhttp.internal.framed.Hpack -> f.b.o1.r.j.f:
    java.util.Map NAME_TO_FIRST_INDEX -> b
    io.grpc.okhttp.internal.framed.Header[] STATIC_HEADER_TABLE -> a
    io.grpc.okhttp.internal.framed.Header[] access$000() -> a
    okio.ByteString access$100(okio.ByteString) -> a
    java.util.Map access$200() -> b
    okio.ByteString checkLowercase(okio.ByteString) -> b
    java.util.Map nameToFirstIndex() -> c
io.grpc.okhttp.internal.framed.Hpack$Reader -> f.b.o1.r.j.f$a:
    java.util.List headerList -> a
    okio.BufferedSource source -> b
    int dynamicTableByteCount -> h
    int nextDynamicTableIndex -> f
    io.grpc.okhttp.internal.framed.Header[] dynamicTable -> e
    int dynamicTableHeaderCount -> g
    int maxDynamicTableByteCount -> d
    int headerTableSizeSetting -> c
    java.util.List getAndResetHeaderList() -> a
    void headerTableSizeSetting(int) -> a
    void insertIntoDynamicTable(int,io.grpc.okhttp.internal.framed.Header) -> a
    int readInt(int,int) -> a
    int dynamicTableIndex(int) -> b
    okio.ByteString readByteString() -> b
    int evictToRecoverBytes(int) -> c
    void readHeaders() -> c
    void adjustDynamicTableByteCount() -> d
    okio.ByteString getName(int) -> d
    void clearDynamicTable() -> e
    boolean isStaticHeader(int) -> e
    int readByte() -> f
    void readIndexedHeader(int) -> f
    void readLiteralHeaderWithIncrementalIndexingIndexedName(int) -> g
    void readLiteralHeaderWithIncrementalIndexingNewName() -> g
    void readLiteralHeaderWithoutIndexingIndexedName(int) -> h
    void readLiteralHeaderWithoutIndexingNewName() -> h
io.grpc.okhttp.internal.framed.Hpack$Writer -> f.b.o1.r.j.f$b:
    okio.Buffer out -> a
    void writeByteString(okio.ByteString) -> a
    void writeHeaders(java.util.List) -> a
    void writeInt(int,int,int) -> a